<?xml version="1.0" encoding="UTF-8"?>
<!-- Generated by org.testng.reporters.JUnitReportReporter -->
<testsuite hostname="Fadnis_fam" failures="0" tests="1" name="com.actitime.Testscript.ProjectModule" time="2.239" errors="0" timestamp="2024-11-20T22:17:52 IST" skipped="0">
  <testcase classname="com.actitime.Testscript.ProjectModule" name="testB" time="2.239"/>
  <system-out>
    <![CDATA[This is test b
testB is passed]]>
  </system-out>
</testsuite> <!-- com.actitime.Testscript.ProjectModule -->
