<?xml version="1.0" encoding="UTF-8"?>
<!-- Generated by org.testng.reporters.JUnitReportReporter -->
<testsuite hostname="Fadnis_fam" failures="0" tests="4" name="advsel.DemoDataDriven" time="8.239" errors="0" timestamp="2024-11-21T12:19:03 IST" skipped="0">
  <testcase classname="advsel.DemoDataDriven" name="demoA" time="1.784"/>
  <system-out/>
  <testcase classname="advsel.DemoDataDriven" name="demoA" time="1.865"/>
  <system-out/>
  <testcase classname="advsel.DemoDataDriven" name="demoA" time="2.745"/>
  <system-out/>
  <testcase classname="advsel.DemoDataDriven" name="demoA" time="1.845"/>
  <system-out/>
</testsuite> <!-- advsel.DemoDataDriven -->
