<?xml version="1.0" encoding="UTF-8"?>
<!-- Generated by org.testng.reporters.JUnitReportReporter -->
<testsuite hostname="Fadnis_fam" failures="0" tests="3" name="advsel.DemoCrossBrowser" time="19.661" errors="0" timestamp="2024-11-21T12:02:31 IST" skipped="0">
  <testcase classname="advsel.DemoCrossBrowser" name="demo" time="6.244"/>
  <system-out/>
  <testcase classname="advsel.DemoCrossBrowser" name="demo" time="5.016"/>
  <system-out/>
  <testcase classname="advsel.DemoCrossBrowser" name="demo" time="8.401"/>
  <system-out/>
</testsuite> <!-- advsel.DemoCrossBrowser -->
