<?xml version="1.0" encoding="UTF-8"?>
<!-- Generated by org.testng.reporters.JUnitReportReporter -->
<testsuite hostname="Fadnis_fam" failures="0" tests="3" name="com.actitime.Testscript.CustomerModule" time="6.676" errors="0" timestamp="2024-11-20T22:34:32 IST" skipped="0">
  <testcase classname="com.actitime.Testscript.CustomerModule" name="testA" time="2.293"/>
  <system-out>
    <![CDATA[This is test a
testA is passed]]>
  </system-out>
  <testcase classname="com.actitime.Testscript.CustomerModule" name="testA" time="2.163"/>
  <system-out>
    <![CDATA[This is test a
testA is passed]]>
  </system-out>
  <testcase classname="com.actitime.Testscript.CustomerModule" name="testA" time="2.220"/>
  <system-out>
    <![CDATA[This is test a
testA is passed]]>
  </system-out>
</testsuite> <!-- com.actitime.Testscript.CustomerModule -->
